[GIN-debug] [WARNING] Creating an Engine instance with the Logger and Recovery middleware already attached.

[GIN-debug] [WARNING] Running in "debug" mode. Switch to "release" mode in production.
 - using env:	export GIN_MODE=release
 - using code:	gin.SetMode(gin.ReleaseMode)

[GIN-debug] GET    /uploads/*filepath        --> github.com/gin-gonic/gin.(*RouterGroup).createStaticHandler.func1 (5 handlers)
[GIN-debug] HEAD   /uploads/*filepath        --> github.com/gin-gonic/gin.(*RouterGroup).createStaticHandler.func1 (5 handlers)
[GIN-debug] GET    /api/categories           --> notsofluffy-backend/internal/handlers.(*PublicHandler).GetActiveCategories-fm (5 handlers)
[GIN-debug] GET    /api/products             --> notsofluffy-backend/internal/handlers.(*PublicHandler).GetPublicProducts-fm (5 handlers)
[GIN-debug] GET    /api/products/:id         --> notsofluffy-backend/internal/handlers.(*PublicHandler).GetPublicProduct-fm (5 handlers)
[GIN-debug] GET    /api/search               --> notsofluffy-backend/internal/handlers.(*PublicHandler).SearchProducts-fm (5 handlers)
[GIN-debug] GET    /api/search/suggestions   --> notsofluffy-backend/internal/handlers.(*PublicHandler).GetSearchSuggestions-fm (5 handlers)
[GIN-debug] GET    /api/cart                 --> notsofluffy-backend/internal/handlers.(*CartHandler).GetCart-fm (5 handlers)
[GIN-debug] POST   /api/cart/add             --> notsofluffy-backend/internal/handlers.(*CartHandler).AddToCart-fm (5 handlers)
[GIN-debug] PUT    /api/cart/update/:id      --> notsofluffy-backend/internal/handlers.(*CartHandler).UpdateCartItem-fm (5 handlers)
[GIN-debug] DELETE /api/cart/remove/:id      --> notsofluffy-backend/internal/handlers.(*CartHandler).RemoveFromCart-fm (5 handlers)
[GIN-debug] POST   /api/cart/clear           --> notsofluffy-backend/internal/handlers.(*CartHandler).ClearCart-fm (5 handlers)
[GIN-debug] GET    /api/cart/count           --> notsofluffy-backend/internal/handlers.(*CartHandler).GetCartCount-fm (5 handlers)
[GIN-debug] POST   /api/auth/register        --> notsofluffy-backend/internal/handlers.(*AuthHandler).Register-fm (5 handlers)
[GIN-debug] POST   /api/auth/login           --> notsofluffy-backend/internal/handlers.(*AuthHandler).Login-fm (5 handlers)
[GIN-debug] POST   /api/auth/refresh         --> notsofluffy-backend/internal/handlers.(*AuthHandler).RefreshToken-fm (5 handlers)
[GIN-debug] GET    /api/auth/profile         --> notsofluffy-backend/internal/handlers.(*AuthHandler).Profile-fm (6 handlers)
[GIN-debug] POST   /api/orders               --> notsofluffy-backend/internal/handlers.(*OrderHandler).CreateOrder-fm (6 handlers)
[GIN-debug] GET    /api/orders/:id           --> notsofluffy-backend/internal/handlers.(*OrderHandler).GetOrder-fm (6 handlers)
[GIN-debug] GET    /api/orders/hash/:hash    --> notsofluffy-backend/internal/handlers.(*OrderHandler).GetOrderByHash-fm (5 handlers)
[GIN-debug] GET    /api/user/orders          --> notsofluffy-backend/internal/handlers.(*OrderHandler).GetUserOrders-fm (6 handlers)
[GIN-debug] GET    /api/user/profile         --> notsofluffy-backend/internal/handlers.(*ProfileHandler).GetProfile-fm (6 handlers)
[GIN-debug] PUT    /api/user/profile         --> notsofluffy-backend/internal/handlers.(*ProfileHandler).UpdateProfile-fm (6 handlers)
[GIN-debug] GET    /api/user/addresses       --> notsofluffy-backend/internal/handlers.(*ProfileHandler).GetAddresses-fm (6 handlers)
[GIN-debug] POST   /api/user/addresses       --> notsofluffy-backend/internal/handlers.(*ProfileHandler).CreateAddress-fm (6 handlers)
[GIN-debug] PUT    /api/user/addresses/:id   --> notsofluffy-backend/internal/handlers.(*ProfileHandler).UpdateAddress-fm (6 handlers)
[GIN-debug] DELETE /api/user/addresses/:id   --> notsofluffy-backend/internal/handlers.(*ProfileHandler).DeleteAddress-fm (6 handlers)
[GIN-debug] PATCH  /api/user/addresses/:id/default --> notsofluffy-backend/internal/handlers.(*ProfileHandler).SetDefaultAddress-fm (6 handlers)
[GIN-debug] GET    /api/admin/users          --> notsofluffy-backend/internal/handlers.(*AdminHandler).ListUsers-fm (6 handlers)
[GIN-debug] POST   /api/admin/users          --> notsofluffy-backend/internal/handlers.(*AdminHandler).CreateUser-fm (6 handlers)
[GIN-debug] PUT    /api/admin/users/:id      --> notsofluffy-backend/internal/handlers.(*AdminHandler).UpdateUser-fm (6 handlers)
[GIN-debug] DELETE /api/admin/users/:id      --> notsofluffy-backend/internal/handlers.(*AdminHandler).DeleteUser-fm (6 handlers)
[GIN-debug] POST   /api/admin/images/upload  --> notsofluffy-backend/internal/handlers.(*AdminHandler).UploadImage-fm (6 handlers)
[GIN-debug] GET    /api/admin/images         --> notsofluffy-backend/internal/handlers.(*AdminHandler).ListImages-fm (6 handlers)
[GIN-debug] DELETE /api/admin/images/:id     --> notsofluffy-backend/internal/handlers.(*AdminHandler).DeleteImage-fm (6 handlers)
[GIN-debug] GET    /api/admin/categories     --> notsofluffy-backend/internal/handlers.(*AdminHandler).ListCategories-fm (6 handlers)
[GIN-debug] POST   /api/admin/categories     --> notsofluffy-backend/internal/handlers.(*AdminHandler).CreateCategory-fm (6 handlers)
[GIN-debug] GET    /api/admin/categories/:id --> notsofluffy-backend/internal/handlers.(*AdminHandler).GetCategory-fm (6 handlers)
[GIN-debug] PUT    /api/admin/categories/:id --> notsofluffy-backend/internal/handlers.(*AdminHandler).UpdateCategory-fm (6 handlers)
[GIN-debug] DELETE /api/admin/categories/:id --> notsofluffy-backend/internal/handlers.(*AdminHandler).DeleteCategory-fm (6 handlers)
[GIN-debug] PATCH  /api/admin/categories/:id/toggle --> notsofluffy-backend/internal/handlers.(*AdminHandler).ToggleCategoryActive-fm (6 handlers)
[GIN-debug] GET    /api/admin/materials      --> notsofluffy-backend/internal/handlers.(*AdminHandler).ListMaterials-fm (6 handlers)
[GIN-debug] POST   /api/admin/materials      --> notsofluffy-backend/internal/handlers.(*AdminHandler).CreateMaterial-fm (6 handlers)
[GIN-debug] GET    /api/admin/materials/:id  --> notsofluffy-backend/internal/handlers.(*AdminHandler).GetMaterial-fm (6 handlers)
[GIN-debug] PUT    /api/admin/materials/:id  --> notsofluffy-backend/internal/handlers.(*AdminHandler).UpdateMaterial-fm (6 handlers)
[GIN-debug] DELETE /api/admin/materials/:id  --> notsofluffy-backend/internal/handlers.(*AdminHandler).DeleteMaterial-fm (6 handlers)
[GIN-debug] GET    /api/admin/colors         --> notsofluffy-backend/internal/handlers.(*AdminHandler).ListColors-fm (6 handlers)
[GIN-debug] POST   /api/admin/colors         --> notsofluffy-backend/internal/handlers.(*AdminHandler).CreateColor-fm (6 handlers)
[GIN-debug] GET    /api/admin/colors/:id     --> notsofluffy-backend/internal/handlers.(*AdminHandler).GetColor-fm (6 handlers)
[GIN-debug] PUT    /api/admin/colors/:id     --> notsofluffy-backend/internal/handlers.(*AdminHandler).UpdateColor-fm (6 handlers)
[GIN-debug] DELETE /api/admin/colors/:id     --> notsofluffy-backend/internal/handlers.(*AdminHandler).DeleteColor-fm (6 handlers)
[GIN-debug] GET    /api/admin/additional-services --> notsofluffy-backend/internal/handlers.(*AdminHandler).ListAdditionalServices-fm (6 handlers)
[GIN-debug] POST   /api/admin/additional-services --> notsofluffy-backend/internal/handlers.(*AdminHandler).CreateAdditionalService-fm (6 handlers)
[GIN-debug] GET    /api/admin/additional-services/:id --> notsofluffy-backend/internal/handlers.(*AdminHandler).GetAdditionalService-fm (6 handlers)
[GIN-debug] PUT    /api/admin/additional-services/:id --> notsofluffy-backend/internal/handlers.(*AdminHandler).UpdateAdditionalService-fm (6 handlers)
[GIN-debug] DELETE /api/admin/additional-services/:id --> notsofluffy-backend/internal/handlers.(*AdminHandler).DeleteAdditionalService-fm (6 handlers)
[GIN-debug] GET    /api/admin/products       --> notsofluffy-backend/internal/handlers.(*AdminHandler).ListProducts-fm (6 handlers)
[GIN-debug] POST   /api/admin/products       --> notsofluffy-backend/internal/handlers.(*AdminHandler).CreateProduct-fm (6 handlers)
[GIN-debug] GET    /api/admin/products/:id   --> notsofluffy-backend/internal/handlers.(*AdminHandler).GetProduct-fm (6 handlers)
[GIN-debug] PUT    /api/admin/products/:id   --> notsofluffy-backend/internal/handlers.(*AdminHandler).UpdateProduct-fm (6 handlers)
[GIN-debug] DELETE /api/admin/products/:id   --> notsofluffy-backend/internal/handlers.(*AdminHandler).DeleteProduct-fm (6 handlers)
[GIN-debug] GET    /api/admin/sizes          --> notsofluffy-backend/internal/handlers.(*AdminHandler).ListSizes-fm (6 handlers)
[GIN-debug] POST   /api/admin/sizes          --> notsofluffy-backend/internal/handlers.(*AdminHandler).CreateSize-fm (6 handlers)
[GIN-debug] GET    /api/admin/sizes/:id      --> notsofluffy-backend/internal/handlers.(*AdminHandler).GetSize-fm (6 handlers)
[GIN-debug] PUT    /api/admin/sizes/:id      --> notsofluffy-backend/internal/handlers.(*AdminHandler).UpdateSize-fm (6 handlers)
[GIN-debug] DELETE /api/admin/sizes/:id      --> notsofluffy-backend/internal/handlers.(*AdminHandler).DeleteSize-fm (6 handlers)
[GIN-debug] GET    /api/admin/product-variants --> notsofluffy-backend/internal/handlers.(*AdminHandler).ListProductVariants-fm (6 handlers)
[GIN-debug] POST   /api/admin/product-variants --> notsofluffy-backend/internal/handlers.(*AdminHandler).CreateProductVariant-fm (6 handlers)
[GIN-debug] GET    /api/admin/product-variants/:id --> notsofluffy-backend/internal/handlers.(*AdminHandler).GetProductVariant-fm (6 handlers)
[GIN-debug] PUT    /api/admin/product-variants/:id --> notsofluffy-backend/internal/handlers.(*AdminHandler).UpdateProductVariant-fm (6 handlers)
[GIN-debug] DELETE /api/admin/product-variants/:id --> notsofluffy-backend/internal/handlers.(*AdminHandler).DeleteProductVariant-fm (6 handlers)
[GIN-debug] GET    /api/admin/orders         --> notsofluffy-backend/internal/handlers.(*AdminHandler).ListOrders-fm (6 handlers)
[GIN-debug] GET    /api/admin/orders/:id     --> notsofluffy-backend/internal/handlers.(*AdminHandler).GetOrderDetails-fm (6 handlers)
[GIN-debug] PUT    /api/admin/orders/:id/status --> notsofluffy-backend/internal/handlers.(*AdminHandler).UpdateOrderStatus-fm (6 handlers)
[GIN-debug] DELETE /api/admin/orders/:id     --> notsofluffy-backend/internal/handlers.(*AdminHandler).DeleteOrder-fm (6 handlers)
2025/07/12 18:56:10 Server starting on port 8080
[GIN-debug] [WARNING] You trusted all proxies, this is NOT safe. We recommend you to set a value.
Please check https://pkg.go.dev/github.com/gin-gonic/gin#readme-don-t-trust-all-proxies for details.
[GIN-debug] Listening and serving HTTP on :8080
[GIN-debug] [ERROR] listen tcp :8080: bind: address already in use
2025/07/12 18:56:10 Failed to start server:listen tcp :8080: bind: address already in use
exit status 1
